<?xml version="1.0" encoding="utf-8"?><testsuites name="pytest tests"><testsuite name="pytest" errors="0" failures="0" skipped="0" tests="23" time="11.072" timestamp="2026-05-12T15:48:12.205067+00:00" hostname="agent-env-93593041-5228-4d8e-8f61-2ed5337c5fd5"><testcase classname="backend.tests.lumen_test" name="test_catalogs" time="0.142" /><testcase classname="backend.tests.lumen_test" name="test_register_creates_user_with_trial" time="0.348" /><testcase classname="backend.tests.lumen_test" name="test_login_and_me_and_logout" time="0.653" /><testcase classname="backend.tests.lumen_test" name="test_register_duplicate_email" time="0.228" /><testcase classname="backend.tests.lumen_test" name="test_login_invalid_password" time="0.347" /><testcase classname="backend.tests.lumen_test" name="test_lensflow_jwt_rejected_by_lumen" time="0.511" /><testcase classname="backend.tests.lumen_test" name="test_generate_script" time="2.759" /><testcase classname="backend.tests.lumen_test" name="test_generate_script_unknown_occasion" time="0.072" /><testcase classname="backend.tests.lumen_test" name="test_scripts_requires_auth" time="0.132" /><testcase classname="backend.tests.lumen_test" name="test_tts_preview" time="1.316" /><testcase classname="backend.tests.lumen_test" name="test_moments_full_crud" time="0.306" /><testcase classname="backend.tests.lumen_test" name="test_moments_user_scoping" time="0.507" /><testcase classname="backend.tests.lumen_test" name="test_send_moment" time="0.131" /><testcase classname="backend.tests.lumen_test" name="test_public_share_no_auth" time="0.258" /><testcase classname="backend.tests.lumen_test" name="test_public_share_unknown_token" time="0.128" /><testcase classname="backend.tests.lumen_test" name="test_checkout_1h_pack" time="0.610" /><testcase classname="backend.tests.lumen_test" name="test_checkout_other_packs" time="1.391" /><testcase classname="backend.tests.lumen_test" name="test_checkout_invalid_package" time="0.063" /><testcase classname="backend.tests.lumen_test" name="test_checkout_unauthenticated" time="0.121" /><testcase classname="backend.tests.lumen_test" name="test_payment_status_graceful" time="0.254" /><testcase classname="backend.tests.lumen_test" name="test_minutes_gating_blocks_when_no_credit" time="0.584" /><testcase classname="backend.tests.lumen_test" name="test_delete_moment" time="0.137" /><testcase classname="backend.tests.lumen_test" name="test_zz_cleanup" time="0.005" /></testsuite></testsuites>