<?xml version="1.0" encoding="utf-8"?><testsuites name="pytest tests"><testsuite name="pytest" errors="0" failures="0" skipped="0" tests="14" time="7.175" timestamp="2026-05-12T14:17:27.909724+00:00" hostname="agent-env-93593041-5228-4d8e-8f61-2ed5337c5fd5"><testcase classname="backend.tests.backend_test" name="test_root" time="0.156" /><testcase classname="backend.tests.backend_test" name="test_register_and_me_and_logout" time="0.620" /><testcase classname="backend.tests.backend_test" name="test_register_duplicate" time="0.122" /><testcase classname="backend.tests.backend_test" name="test_login_admin" time="0.411" /><testcase classname="backend.tests.backend_test" name="test_login_invalid_password" time="0.121" /><testcase classname="backend.tests.backend_test" name="test_forgot_password_noleak" time="0.125" /><testcase classname="backend.tests.backend_test" name="test_presenters_list" time="0.119" /><testcase classname="backend.tests.backend_test" name="test_concierge_submit" time="0.144" /><testcase classname="backend.tests.backend_test" name="test_dashboard_stats" time="0.065" /><testcase classname="backend.tests.backend_test" name="test_projects_crud" time="0.479" /><testcase classname="backend.tests.backend_test" name="test_tts_preview" time="0.158" /><testcase classname="backend.tests.backend_test" name="test_studio_script_generate" time="3.323" /><testcase classname="backend.tests.backend_test" name="test_studio_scripts_list" time="0.070" /><testcase classname="backend.tests.backend_test" name="test_brute_force_lockout" time="1.191" /></testsuite></testsuites>