<?xml version="1.0" encoding="utf-8"?><testsuites name="pytest tests"><testsuite name="pytest" errors="0" failures="0" skipped="0" tests="24" time="13.513" timestamp="2026-05-12T14:32:15.380849+00:00" hostname="agent-env-93593041-5228-4d8e-8f61-2ed5337c5fd5"><testcase classname="backend.tests.backend_test" name="test_root" time="0.180" /><testcase classname="backend.tests.backend_test" name="test_register_and_me_and_logout" time="1.020" /><testcase classname="backend.tests.backend_test" name="test_register_duplicate" time="0.162" /><testcase classname="backend.tests.backend_test" name="test_login_admin" time="0.491" /><testcase classname="backend.tests.backend_test" name="test_login_invalid_password" time="0.195" /><testcase classname="backend.tests.backend_test" name="test_forgot_password_noleak" time="0.121" /><testcase classname="backend.tests.backend_test" name="test_presenters_list" time="0.120" /><testcase classname="backend.tests.backend_test" name="test_concierge_submit" time="0.160" /><testcase classname="backend.tests.backend_test" name="test_dashboard_stats" time="0.086" /><testcase classname="backend.tests.backend_test" name="test_projects_crud" time="0.591" /><testcase classname="backend.tests.backend_test" name="test_tts_preview" time="0.249" /><testcase classname="backend.tests.backend_test" name="test_studio_script_generate" time="4.803" /><testcase classname="backend.tests.backend_test" name="test_studio_scripts_list" time="0.127" /><testcase classname="backend.tests.backend_test" name="test_payments_checkout_unauthenticated" time="0.123" /><testcase classname="backend.tests.backend_test" name="test_payments_checkout_invalid_package" time="0.101" /><testcase classname="backend.tests.backend_test" name="test_payments_checkout_valid_pro_monthly" time="0.649" /><testcase classname="backend.tests.backend_test" name="test_payments_status_initiated_no_500" time="0.373" /><testcase classname="backend.tests.backend_test" name="test_payments_status_unknown_session_returns_404" time="0.139" /><testcase classname="backend.tests.backend_test" name="test_payments_txn_persisted_in_mongo" time="0.074" /><testcase classname="backend.tests.backend_test" name="test_stripe_webhook_empty_body_returns_400" time="0.164" /><testcase classname="backend.tests.backend_test" name="test_stripe_webhook_bad_signature_returns_400" time="0.198" /><testcase classname="backend.tests.backend_test" name="test_forgot_password_console_fallback_for_real_user" time="0.501" /><testcase classname="backend.tests.backend_test" name="test_reset_password_end_to_end" time="0.934" /><testcase classname="backend.tests.backend_test" name="test_brute_force_lockout" time="1.883" /></testsuite></testsuites>